<?xml version="1.0" encoding="UTF-8"?>
<testsuite xmlns:xsi="http://www.w3.org/2001/XMLSchema-instance" xsi:noNamespaceSchemaLocation="https://maven.apache.org/surefire/maven-surefire-plugin/xsd/surefire-test-report-3.0.xsd" version="3.0" name="Login" time="21.667" tests="1" errors="0" skipped="0" failures="0">
  <properties>
[...]
</properties>
  <testcase name="Login successful with valid credentials" classname="Login" time="21.667">
    <system-out><![CDATA[
@sanity
Scenario: Login successful with valid credentials                                # features/Login.feature:3
  Given User Launch Browser                                                      # stepDefinitions.steps.the_launch_browser()
  And opens URL "https://demo.opencart.com/"                                     # stepDefinitions.steps.opens_url(java.lang.String)
  When User navigate to MyAccount Menu                                           # stepDefinitions.steps.user_navigate_to_my_account_menu()
  And click on Login                                                             # stepDefinitions.steps.click_on_login()
  And User enters Email as "pavanoltraining@gmail.com" and Password as "test123" # stepDefinitions.steps.user_enters_email_as_and_password_as(java.lang.String,java.lang.String)
  And Click on Login button                                                      # stepDefinitions.steps.click_on_login_button()
  Then User navigates to MyAccount Page                                          # stepDefinitions.steps.user_navigates_to_my_account_page()
]]></system-out>
    <system-err><![CDATA[Starting ChromeDriver 91.0.4472.101 (af52a90bf87030dd1523486a1cd3ae25c5d76c9b-refs/branch-heads/4472@{#1462}) on port 14790
Only local connections are allowed.
Please see https://chromedriver.chromium.org/security-considerations for suggestions on keeping ChromeDriver safe.
ChromeDriver was started successfully.
Jun 11, 2021 10:01:03 PM org.openqa.selenium.remote.ProtocolHandshake createSession
INFO: Detected dialect: W3C
Jun 11, 2021 10:01:03 PM org.openqa.selenium.remote.ProtocolHandshake createSession
INFO: Detected dialect: W3C
]]></system-err>
  </testcase>
</testsuite>